<?xml version="1.0" encoding="UTF-8"?>
<testng-results ignored="0" total="1" passed="1" failed="0" skipped="0">
  <reporter-output>
  </reporter-output>
  <suite started-at="2022-11-29T20:30:47 IST" name="Default suite" finished-at="2022-11-29T20:30:47 IST" duration-ms="36">
    <groups>
    </groups>
    <test started-at="2022-11-29T20:30:47 IST" name="Default test" finished-at="2022-11-29T20:30:47 IST" duration-ms="36">
      <class name="Concatination.Concat">
        <test-method signature="concatString()[pri:0, instance:Concatination.Concat@6babf3bf]" started-at="2022-11-29T20:30:47 IST" name="concatString" finished-at="2022-11-29T20:30:47 IST" duration-ms="7" status="PASS">
          <reporter-output>
          </reporter-output>
        </test-method> <!-- concatString -->
      </class> <!-- Concatination.Concat -->
    </test> <!-- Default test -->
  </suite> <!-- Default suite -->
</testng-results>
